2014-12-17 17:17:50,627 INFO  [org.jboss.modules] (main) JBoss Modules version 1.3.3.Final
2014-12-17 17:17:51,992 INFO  [org.jboss.msc] (main) JBoss MSC version 1.2.2.Final
2014-12-17 17:17:52,220 INFO  [org.jboss.as] (MSC service thread 1-6) JBAS015899: WildFly 8.1.0.Final "Kenny" starting
2014-12-17 17:17:52,231 DEBUG [org.jboss.as.config] (MSC service thread 1-6) Configured system properties:
	awt.toolkit = sun.awt.X11.XToolkit
	file.encoding = UTF-8
	file.encoding.pkg = sun.io
	file.separator = /
	java.awt.graphicsenv = sun.awt.X11GraphicsEnvironment
	java.awt.printerjob = sun.print.PSPrinterJob
	java.class.path = /home/ediel/workspace-iduplicata/apresentacao/target/wildfly-8.1.0.Final/jboss-modules.jar
	java.class.version = 52.0
	java.endorsed.dirs = /opt/java/jdk1.8.0_05/jre/lib/endorsed
	java.ext.dirs = /opt/java/jdk1.8.0_05/jre/lib/ext:/usr/java/packages/lib/ext
	java.home = /opt/java/jdk1.8.0_05/jre
	java.io.tmpdir = /tmp
	java.library.path = /usr/java/packages/lib/amd64:/usr/lib64:/lib64:/lib:/usr/lib
	java.runtime.name = Java(TM) SE Runtime Environment
	java.runtime.version = 1.8.0_05-b13
	java.specification.name = Java Platform API Specification
	java.specification.vendor = Oracle Corporation
	java.specification.version = 1.8
	java.util.logging.manager = org.jboss.logmanager.LogManager
	java.vendor = Oracle Corporation
	java.vendor.url = http://java.oracle.com/
	java.vendor.url.bug = http://bugreport.sun.com/bugreport/
	java.version = 1.8.0_05
	java.vm.info = mixed mode
	java.vm.name = Java HotSpot(TM) 64-Bit Server VM
	java.vm.specification.name = Java Virtual Machine Specification
	java.vm.specification.vendor = Oracle Corporation
	java.vm.specification.version = 1.8
	java.vm.vendor = Oracle Corporation
	java.vm.version = 25.5-b02
	javax.management.builder.initial = org.jboss.as.jmx.PluggableMBeanServerBuilder
	javax.xml.datatype.DatatypeFactory = __redirected.__DatatypeFactory
	javax.xml.parsers.DocumentBuilderFactory = __redirected.__DocumentBuilderFactory
	javax.xml.parsers.SAXParserFactory = __redirected.__SAXParserFactory
	javax.xml.stream.XMLEventFactory = __redirected.__XMLEventFactory
	javax.xml.stream.XMLInputFactory = __redirected.__XMLInputFactory
	javax.xml.stream.XMLOutputFactory = __redirected.__XMLOutputFactory
	javax.xml.transform.TransformerFactory = __redirected.__TransformerFactory
	javax.xml.validation.SchemaFactory:http://www.w3.org/2001/XMLSchema = __redirected.__SchemaFactory
	javax.xml.xpath.XPathFactory:http://java.sun.com/jaxp/xpath/dom = __redirected.__XPathFactory
	jboss.bundles.dir = target/wildfly-8.1.0.Final/bundles
	jboss.home.dir = /home/ediel/workspace-iduplicata/apresentacao/target/wildfly-8.1.0.Final
	jboss.host.name = ediel-inspiron-3421
	jboss.modules.dir = /home/ediel/workspace-iduplicata/apresentacao/target/wildfly-8.1.0.Final/modules
	jboss.node.name = ediel-inspiron-3421
	jboss.qualified.host.name = ediel-inspiron-3421
	jboss.server.base.dir = /home/ediel/workspace-iduplicata/apresentacao/target/wildfly-8.1.0.Final/standalone
	jboss.server.config.dir = /home/ediel/workspace-iduplicata/apresentacao/target/wildfly-8.1.0.Final/standalone/configuration
	jboss.server.data.dir = /home/ediel/workspace-iduplicata/apresentacao/target/wildfly-8.1.0.Final/standalone/data
	jboss.server.deploy.dir = /home/ediel/workspace-iduplicata/apresentacao/target/wildfly-8.1.0.Final/standalone/data/content
	jboss.server.log.dir = /home/ediel/workspace-iduplicata/apresentacao/target/wildfly-8.1.0.Final/standalone/log
	jboss.server.name = ediel-inspiron-3421
	jboss.server.persist.config = true
	jboss.server.temp.dir = /home/ediel/workspace-iduplicata/apresentacao/target/wildfly-8.1.0.Final/standalone/tmp
	line.separator = 

	logging.configuration = file:/home/ediel/workspace-iduplicata/apresentacao/target/wildfly-8.1.0.Final/standalone/configuration/logging.properties
	module.path = target/wildfly-8.1.0.Final/modules
	org.jboss.boot.log.file = /home/ediel/workspace-iduplicata/apresentacao/target/wildfly-8.1.0.Final/standalone/log/server.log
	org.jboss.resolver.warning = true
	org.xml.sax.driver = __redirected.__XMLReaderFactory
	os.arch = amd64
	os.name = Linux
	os.version = 3.13.0-43-generic
	path.separator = :
	sun.arch.data.model = 64
	sun.boot.class.path = /opt/java/jdk1.8.0_05/jre/lib/resources.jar:/opt/java/jdk1.8.0_05/jre/lib/rt.jar:/opt/java/jdk1.8.0_05/jre/lib/sunrsasign.jar:/opt/java/jdk1.8.0_05/jre/lib/jsse.jar:/opt/java/jdk1.8.0_05/jre/lib/jce.jar:/opt/java/jdk1.8.0_05/jre/lib/charsets.jar:/opt/java/jdk1.8.0_05/jre/lib/jfr.jar:/opt/java/jdk1.8.0_05/jre/classes
	sun.boot.library.path = /opt/java/jdk1.8.0_05/jre/lib/amd64
	sun.cpu.endian = little
	sun.cpu.isalist = 
	sun.desktop = gnome
	sun.io.unicode.encoding = UnicodeLittle
	sun.java.command = /home/ediel/workspace-iduplicata/apresentacao/target/wildfly-8.1.0.Final/jboss-modules.jar -mp target/wildfly-8.1.0.Final/modules org.jboss.as.standalone -server-config standalone-test.xml
	sun.java.launcher = SUN_STANDARD
	sun.jnu.encoding = UTF-8
	sun.management.compiler = HotSpot 64-Bit Tiered Compilers
	sun.os.patch.level = unknown
	user.country = BR
	user.dir = /home/ediel/workspace-iduplicata/apresentacao
	user.home = /home/ediel
	user.language = pt
	user.name = ediel
	user.timezone = America/Sao_Paulo
2014-12-17 17:17:52,233 DEBUG [org.jboss.as.config] (MSC service thread 1-6) VM Arguments: -Xmx512m -XX:MaxPermSize=256m -ea -Djboss.home.dir=target/wildfly-8.1.0.Final -Dorg.jboss.boot.log.file=/home/ediel/workspace-iduplicata/apresentacao/target/wildfly-8.1.0.Final/standalone/log/server.log -Dlogging.configuration=file:/home/ediel/workspace-iduplicata/apresentacao/target/wildfly-8.1.0.Final/standalone/configuration/logging.properties -Djboss.bundles.dir=target/wildfly-8.1.0.Final/bundles 
2014-12-17 17:17:59,313 INFO  [org.jboss.as.server] (Controller Boot Thread) JBAS015888: Creating http management service using socket-binding (management-http)
2014-12-17 17:17:59,406 INFO  [org.xnio] (MSC service thread 1-2) XNIO version 3.2.2.Final
2014-12-17 17:17:59,451 INFO  [org.xnio.nio] (MSC service thread 1-2) XNIO NIO Implementation Version 3.2.2.Final
2014-12-17 17:17:59,517 INFO  [org.wildfly.extension.io] (ServerService Thread Pool -- 31) WFLYIO001: Worker 'default' has auto-configured to 8 core threads with 64 task threads based on your 4 available processors
2014-12-17 17:17:59,520 INFO  [org.jboss.as.naming] (ServerService Thread Pool -- 40) JBAS011800: Activating Naming Subsystem
2014-12-17 17:17:59,528 INFO  [org.jboss.as.clustering.infinispan] (ServerService Thread Pool -- 32) JBAS010280: Activating Infinispan subsystem.
2014-12-17 17:17:59,521 INFO  [org.jboss.as.security] (ServerService Thread Pool -- 45) JBAS013171: Activating Security Subsystem
2014-12-17 17:17:59,522 WARN  [org.jboss.as.txn] (ServerService Thread Pool -- 46) JBAS010153: Node identifier property is set to the default value. Please make sure it is unique.
2014-12-17 17:17:59,574 INFO  [org.jboss.as.security] (MSC service thread 1-8) JBAS013170: Current PicketBox version=4.0.21.Beta1
2014-12-17 17:17:59,606 INFO  [org.jboss.as.jsf] (ServerService Thread Pool -- 38) JBAS012615: Activated the following JSF Implementations: [main]
2014-12-17 17:17:59,651 INFO  [org.jboss.as.webservices] (ServerService Thread Pool -- 48) JBAS015537: Activating WebServices Extension
2014-12-17 17:17:59,705 INFO  [org.jboss.as.naming] (MSC service thread 1-1) JBAS011802: Starting Naming Service
2014-12-17 17:17:59,705 INFO  [org.jboss.as.mail.extension] (MSC service thread 1-4) JBAS015400: Bound mail session [java:jboss/mail/Default]
2014-12-17 17:17:59,725 INFO  [org.jboss.remoting] (MSC service thread 1-5) JBoss Remoting version 4.0.3.Final
2014-12-17 17:17:59,744 INFO  [org.jboss.as.connector.logging] (MSC service thread 1-4) JBAS010408: Starting JCA Subsystem (IronJacamar 1.1.5.Final)
2014-12-17 17:17:59,918 INFO  [org.wildfly.extension.undertow] (MSC service thread 1-6) JBAS017502: Undertow 1.0.15.Final starting
2014-12-17 17:17:59,918 INFO  [org.wildfly.extension.undertow] (ServerService Thread Pool -- 47) JBAS017502: Undertow 1.0.15.Final starting
2014-12-17 17:18:00,009 INFO  [org.jboss.as.connector.subsystems.datasources] (ServerService Thread Pool -- 27) JBAS010403: Deploying JDBC-compliant driver class org.h2.Driver (version 1.3)
2014-12-17 17:18:00,050 INFO  [org.jboss.as.connector.deployers.jdbc] (MSC service thread 1-6) JBAS010417: Started Driver service with driver-name = h2
2014-12-17 17:18:00,923 INFO  [org.wildfly.extension.undertow] (ServerService Thread Pool -- 47) JBAS017527: Creating file handler for path /home/ediel/workspace-iduplicata/apresentacao/target/wildfly-8.1.0.Final/welcome-content
2014-12-17 17:18:01,024 INFO  [org.wildfly.extension.undertow] (MSC service thread 1-1) JBAS017525: Started server default-server.
2014-12-17 17:18:01,109 INFO  [org.wildfly.extension.undertow] (MSC service thread 1-4) JBAS017531: Host default-host starting
2014-12-17 17:18:01,529 INFO  [org.wildfly.extension.undertow] (MSC service thread 1-1) JBAS017519: Undertow HTTP listener default listening on /127.0.0.1:8080
2014-12-17 17:18:01,937 INFO  [org.jboss.as.connector.subsystems.datasources] (MSC service thread 1-5) JBAS010400: Bound data source [java:jboss/datasources/ExampleDS]
2014-12-17 17:18:02,094 INFO  [org.jboss.as.server.deployment.scanner] (MSC service thread 1-6) JBAS015012: Started FileSystemDeploymentService for directory /home/ediel/workspace-iduplicata/apresentacao/target/wildfly-8.1.0.Final/standalone/deployments
2014-12-17 17:18:02,601 INFO  [org.jboss.ws.common.management] (MSC service thread 1-3) JBWS022052: Starting JBoss Web Services - Stack CXF Server 4.2.4.Final
2014-12-17 17:18:02,994 INFO  [org.jboss.as] (Controller Boot Thread) JBAS015961: Http management interface listening on http://127.0.0.1:9990/management
2014-12-17 17:18:03,002 INFO  [org.jboss.as] (Controller Boot Thread) JBAS015951: Admin console listening on http://127.0.0.1:9990
2014-12-17 17:18:03,003 INFO  [org.jboss.as] (Controller Boot Thread) JBAS015874: WildFly 8.1.0.Final "Kenny" started in 13597ms - Started 184 of 233 services (81 services are lazy, passive or on-demand)
2014-12-17 17:18:08,021 INFO  [org.jboss.as.repository] (management-handler-thread - 2) JBAS014900: Content added at location /home/ediel/workspace-iduplicata/apresentacao/target/wildfly-8.1.0.Final/standalone/data/content/56/aa3bf4286db65af29d71b24696f54dd4d8afd2/content
2014-12-17 17:18:08,073 INFO  [org.jboss.as.server.deployment] (MSC service thread 1-6) JBAS015876: Starting deployment of "exemplo.war" (runtime-name: "exemplo.war")
2014-12-17 17:18:08,435 INFO  [org.jboss.as.jpa] (MSC service thread 1-2) JBAS011401: Read persistence.xml for test
2014-12-17 17:18:08,718 INFO  [org.jboss.as.jpa] (ServerService Thread Pool -- 1) JBAS011409: Starting Persistence Unit (phase 1 of 2) Service 'exemplo.war#test'
2014-12-17 17:18:08,759 INFO  [org.hibernate.jpa.internal.util.LogHelper] (ServerService Thread Pool -- 1) HHH000204: Processing PersistenceUnitInfo [
	name: test
	...]
2014-12-17 17:18:08,969 INFO  [org.hibernate.Version] (ServerService Thread Pool -- 1) HHH000412: Hibernate Core {4.3.5.Final}
2014-12-17 17:18:08,975 INFO  [org.hibernate.cfg.Environment] (ServerService Thread Pool -- 1) HHH000206: hibernate.properties not found
2014-12-17 17:18:08,986 INFO  [org.hibernate.cfg.Environment] (ServerService Thread Pool -- 1) HHH000021: Bytecode provider name : javassist
2014-12-17 17:18:09,335 INFO  [org.jboss.weld.deployer] (MSC service thread 1-8) JBAS016002: Processing weld deployment exemplo.war
2014-12-17 17:18:09,608 INFO  [org.hibernate.validator.internal.util.Version] (MSC service thread 1-8) HV000001: Hibernate Validator 5.1.0.Final
2014-12-17 17:18:10,064 INFO  [org.jboss.weld.deployer] (MSC service thread 1-3) JBAS016005: Starting Services for CDI deployment: exemplo.war
2014-12-17 17:18:10,155 INFO  [org.jboss.weld.Version] (MSC service thread 1-3) WELD-000900: 2.1.2 (Final)
2014-12-17 17:18:10,253 INFO  [org.jboss.weld.deployer] (MSC service thread 1-1) JBAS016008: Starting weld service for deployment exemplo.war
2014-12-17 17:18:10,619 INFO  [org.jboss.as.jpa] (ServerService Thread Pool -- 1) JBAS011409: Starting Persistence Unit (phase 2 of 2) Service 'exemplo.war#test'
2014-12-17 17:18:10,803 INFO  [org.hibernate.annotations.common.Version] (ServerService Thread Pool -- 1) HCANN000001: Hibernate Commons Annotations {4.0.4.Final}
2014-12-17 17:18:11,508 INFO  [org.hibernate.dialect.Dialect] (ServerService Thread Pool -- 1) HHH000400: Using dialect: org.hibernate.dialect.H2Dialect
2014-12-17 17:18:11,520 WARN  [org.hibernate.dialect.H2Dialect] (ServerService Thread Pool -- 1) HHH000431: Unable to determine H2 database version, certain features may not work
2014-12-17 17:18:11,670 INFO  [org.hibernate.hql.internal.ast.ASTQueryTranslatorFactory] (ServerService Thread Pool -- 1) HHH000397: Using ASTQueryTranslatorFactory
2014-12-17 17:18:12,185 INFO  [org.hibernate.tool.hbm2ddl.SchemaExport] (ServerService Thread Pool -- 1) HHH000227: Running hbm2ddl schema export
2014-12-17 17:18:12,194 INFO  [stdout] (ServerService Thread Pool -- 1) Hibernate: drop table user if exists
2014-12-17 17:18:12,196 INFO  [stdout] (ServerService Thread Pool -- 1) Hibernate: create table user (id bigint not null, nome varchar(255), username varchar(255), primary key (id))
2014-12-17 17:18:12,198 INFO  [org.hibernate.tool.hbm2ddl.SchemaExport] (ServerService Thread Pool -- 1) HHH000230: Schema export complete
2014-12-17 17:18:13,703 INFO  [javax.enterprise.resource.webcontainer.jsf.config] (MSC service thread 1-5) Inicializando Mojarra 2.2.6-jbossorg-4 20140501-1134 para o contexto '/exemplo'
2014-12-17 17:18:14,616 INFO  [org.wildfly.extension.undertow] (MSC service thread 1-5) JBAS017534: Registered web context: /exemplo
2014-12-17 17:18:14,856 INFO  [org.jboss.as.server] (management-handler-thread - 2) JBAS018559: Deployed "exemplo.war" (runtime-name : "exemplo.war")
2014-12-17 17:18:26,719 INFO  [org.wildfly.extension.undertow] (MSC service thread 1-4) JBAS017535: Unregistered web context: /exemplo
2014-12-17 17:18:26,745 INFO  [org.jboss.as.jpa] (ServerService Thread Pool -- 20) JBAS011410: Stopping Persistence Unit (phase 2 of 2) Service 'exemplo.war#test'
2014-12-17 17:18:26,745 INFO  [org.hibernate.tool.hbm2ddl.SchemaExport] (ServerService Thread Pool -- 20) HHH000227: Running hbm2ddl schema export
2014-12-17 17:18:26,747 INFO  [stdout] (ServerService Thread Pool -- 20) Hibernate: drop table user if exists
2014-12-17 17:18:26,769 INFO  [org.hibernate.tool.hbm2ddl.SchemaExport] (ServerService Thread Pool -- 20) HHH000230: Schema export complete
2014-12-17 17:18:26,773 INFO  [org.jboss.weld.deployer] (MSC service thread 1-6) JBAS016009: Stopping weld service for deployment exemplo.war
2014-12-17 17:18:26,822 INFO  [org.jboss.as.jpa] (ServerService Thread Pool -- 20) JBAS011410: Stopping Persistence Unit (phase 1 of 2) Service 'exemplo.war#test'
2014-12-17 17:18:26,832 INFO  [org.jboss.as.server.deployment] (MSC service thread 1-3) JBAS015877: Stopped deployment exemplo.war (runtime-name: exemplo.war) in 123ms
2014-12-17 17:18:27,655 INFO  [org.jboss.as.repository] (management-handler-thread - 2) JBAS014901: Content removed from location /home/ediel/workspace-iduplicata/apresentacao/target/wildfly-8.1.0.Final/standalone/data/content/56/aa3bf4286db65af29d71b24696f54dd4d8afd2/content
2014-12-17 17:18:27,656 INFO  [org.jboss.as.server] (management-handler-thread - 2) JBAS018558: Undeployed "exemplo.war" (runtime-name: "exemplo.war")
2014-12-17 17:18:27,715 INFO  [org.jboss.as.connector.subsystems.datasources] (MSC service thread 1-4) JBAS010409: Unbound data source [java:jboss/datasources/ExampleDS]
2014-12-17 17:18:27,720 INFO  [org.wildfly.extension.undertow] (MSC service thread 1-6) JBAS017521: Undertow HTTP listener default suspending
2014-12-17 17:18:27,742 INFO  [org.wildfly.extension.undertow] (MSC service thread 1-5) JBAS017532: Host default-host stopping
2014-12-17 17:18:27,743 INFO  [org.jboss.as.connector.deployers.jdbc] (MSC service thread 1-4) JBAS010418: Stopped Driver service with driver-name = h2
2014-12-17 17:18:27,779 INFO  [org.wildfly.extension.undertow] (MSC service thread 1-6) JBAS017520: Undertow HTTP listener default stopped, was bound to /127.0.0.1:8080
2014-12-17 17:18:27,782 INFO  [org.wildfly.extension.undertow] (MSC service thread 1-7) JBAS017506: Undertow 1.0.15.Final stopping
2014-12-17 17:18:27,806 INFO  [org.jboss.as] (MSC service thread 1-4) JBAS015950: WildFly 8.1.0.Final "Kenny" stopped in 97ms
2014-12-17 18:40:06,534 INFO  [org.jboss.modules] (main) JBoss Modules version 1.3.3.Final
2014-12-17 18:40:06,904 INFO  [org.jboss.msc] (main) JBoss MSC version 1.2.2.Final
2014-12-17 18:40:07,007 INFO  [org.jboss.as] (MSC service thread 1-7) JBAS015899: WildFly 8.1.0.Final "Kenny" starting
2014-12-17 18:40:07,017 DEBUG [org.jboss.as.config] (MSC service thread 1-7) Configured system properties:
	awt.toolkit = sun.awt.X11.XToolkit
	file.encoding = UTF-8
	file.encoding.pkg = sun.io
	file.separator = /
	java.awt.graphicsenv = sun.awt.X11GraphicsEnvironment
	java.awt.printerjob = sun.print.PSPrinterJob
	java.class.path = /home/ediel/workspace-iduplicata/apresentacao/target/wildfly-8.1.0.Final/jboss-modules.jar
	java.class.version = 52.0
	java.endorsed.dirs = /opt/java/jdk1.8.0_05/jre/lib/endorsed
	java.ext.dirs = /opt/java/jdk1.8.0_05/jre/lib/ext:/usr/java/packages/lib/ext
	java.home = /opt/java/jdk1.8.0_05/jre
	java.io.tmpdir = /tmp
	java.library.path = /usr/java/packages/lib/amd64:/usr/lib64:/lib64:/lib:/usr/lib
	java.runtime.name = Java(TM) SE Runtime Environment
	java.runtime.version = 1.8.0_05-b13
	java.specification.name = Java Platform API Specification
	java.specification.vendor = Oracle Corporation
	java.specification.version = 1.8
	java.util.logging.manager = org.jboss.logmanager.LogManager
	java.vendor = Oracle Corporation
	java.vendor.url = http://java.oracle.com/
	java.vendor.url.bug = http://bugreport.sun.com/bugreport/
	java.version = 1.8.0_05
	java.vm.info = mixed mode
	java.vm.name = Java HotSpot(TM) 64-Bit Server VM
	java.vm.specification.name = Java Virtual Machine Specification
	java.vm.specification.vendor = Oracle Corporation
	java.vm.specification.version = 1.8
	java.vm.vendor = Oracle Corporation
	java.vm.version = 25.5-b02
	javax.management.builder.initial = org.jboss.as.jmx.PluggableMBeanServerBuilder
	javax.xml.datatype.DatatypeFactory = __redirected.__DatatypeFactory
	javax.xml.parsers.DocumentBuilderFactory = __redirected.__DocumentBuilderFactory
	javax.xml.parsers.SAXParserFactory = __redirected.__SAXParserFactory
	javax.xml.stream.XMLEventFactory = __redirected.__XMLEventFactory
	javax.xml.stream.XMLInputFactory = __redirected.__XMLInputFactory
	javax.xml.stream.XMLOutputFactory = __redirected.__XMLOutputFactory
	javax.xml.transform.TransformerFactory = __redirected.__TransformerFactory
	javax.xml.validation.SchemaFactory:http://www.w3.org/2001/XMLSchema = __redirected.__SchemaFactory
	javax.xml.xpath.XPathFactory:http://java.sun.com/jaxp/xpath/dom = __redirected.__XPathFactory
	jboss.bundles.dir = target/wildfly-8.1.0.Final/bundles
	jboss.home.dir = /home/ediel/workspace-iduplicata/apresentacao/target/wildfly-8.1.0.Final
	jboss.host.name = ediel-inspiron-3421
	jboss.modules.dir = /home/ediel/workspace-iduplicata/apresentacao/target/wildfly-8.1.0.Final/modules
	jboss.node.name = ediel-inspiron-3421
	jboss.qualified.host.name = ediel-inspiron-3421
	jboss.server.base.dir = /home/ediel/workspace-iduplicata/apresentacao/target/wildfly-8.1.0.Final/standalone
	jboss.server.config.dir = /home/ediel/workspace-iduplicata/apresentacao/target/wildfly-8.1.0.Final/standalone/configuration
	jboss.server.data.dir = /home/ediel/workspace-iduplicata/apresentacao/target/wildfly-8.1.0.Final/standalone/data
	jboss.server.deploy.dir = /home/ediel/workspace-iduplicata/apresentacao/target/wildfly-8.1.0.Final/standalone/data/content
	jboss.server.log.dir = /home/ediel/workspace-iduplicata/apresentacao/target/wildfly-8.1.0.Final/standalone/log
	jboss.server.name = ediel-inspiron-3421
	jboss.server.persist.config = true
	jboss.server.temp.dir = /home/ediel/workspace-iduplicata/apresentacao/target/wildfly-8.1.0.Final/standalone/tmp
	line.separator = 

	logging.configuration = file:/home/ediel/workspace-iduplicata/apresentacao/target/wildfly-8.1.0.Final/standalone/configuration/logging.properties
	module.path = target/wildfly-8.1.0.Final/modules
	org.jboss.boot.log.file = /home/ediel/workspace-iduplicata/apresentacao/target/wildfly-8.1.0.Final/standalone/log/server.log
	org.jboss.resolver.warning = true
	org.xml.sax.driver = __redirected.__XMLReaderFactory
	os.arch = amd64
	os.name = Linux
	os.version = 3.13.0-43-generic
	path.separator = :
	sun.arch.data.model = 64
	sun.boot.class.path = /opt/java/jdk1.8.0_05/jre/lib/resources.jar:/opt/java/jdk1.8.0_05/jre/lib/rt.jar:/opt/java/jdk1.8.0_05/jre/lib/sunrsasign.jar:/opt/java/jdk1.8.0_05/jre/lib/jsse.jar:/opt/java/jdk1.8.0_05/jre/lib/jce.jar:/opt/java/jdk1.8.0_05/jre/lib/charsets.jar:/opt/java/jdk1.8.0_05/jre/lib/jfr.jar:/opt/java/jdk1.8.0_05/jre/classes
	sun.boot.library.path = /opt/java/jdk1.8.0_05/jre/lib/amd64
	sun.cpu.endian = little
	sun.cpu.isalist = 
	sun.desktop = gnome
	sun.io.unicode.encoding = UnicodeLittle
	sun.java.command = /home/ediel/workspace-iduplicata/apresentacao/target/wildfly-8.1.0.Final/jboss-modules.jar -mp target/wildfly-8.1.0.Final/modules org.jboss.as.standalone -server-config standalone-test.xml
	sun.java.launcher = SUN_STANDARD
	sun.jnu.encoding = UTF-8
	sun.management.compiler = HotSpot 64-Bit Tiered Compilers
	sun.os.patch.level = unknown
	user.country = BR
	user.dir = /home/ediel/workspace-iduplicata/apresentacao
	user.home = /home/ediel
	user.language = pt
	user.name = ediel
	user.timezone = America/Sao_Paulo
2014-12-17 18:40:07,018 DEBUG [org.jboss.as.config] (MSC service thread 1-7) VM Arguments: -Xmx512m -XX:MaxPermSize=256m -ea -Djboss.home.dir=target/wildfly-8.1.0.Final -Dorg.jboss.boot.log.file=/home/ediel/workspace-iduplicata/apresentacao/target/wildfly-8.1.0.Final/standalone/log/server.log -Dlogging.configuration=file:/home/ediel/workspace-iduplicata/apresentacao/target/wildfly-8.1.0.Final/standalone/configuration/logging.properties -Djboss.bundles.dir=target/wildfly-8.1.0.Final/bundles 
2014-12-17 18:40:08,871 INFO  [org.jboss.as.server] (Controller Boot Thread) JBAS015888: Creating http management service using socket-binding (management-http)
2014-12-17 18:40:08,937 INFO  [org.xnio] (MSC service thread 1-7) XNIO version 3.2.2.Final
2014-12-17 18:40:08,980 INFO  [org.xnio.nio] (MSC service thread 1-7) XNIO NIO Implementation Version 3.2.2.Final
2014-12-17 18:40:09,099 INFO  [org.jboss.as.clustering.infinispan] (ServerService Thread Pool -- 32) JBAS010280: Activating Infinispan subsystem.
2014-12-17 18:40:09,102 INFO  [org.wildfly.extension.io] (ServerService Thread Pool -- 31) WFLYIO001: Worker 'default' has auto-configured to 8 core threads with 64 task threads based on your 4 available processors
2014-12-17 18:40:09,158 INFO  [org.jboss.remoting] (MSC service thread 1-7) JBoss Remoting version 4.0.3.Final
2014-12-17 18:40:09,202 INFO  [org.jboss.as.naming] (ServerService Thread Pool -- 40) JBAS011800: Activating Naming Subsystem
2014-12-17 18:40:09,203 INFO  [org.jboss.as.jsf] (ServerService Thread Pool -- 38) JBAS012615: Activated the following JSF Implementations: [main]
2014-12-17 18:40:09,216 WARN  [org.jboss.as.txn] (ServerService Thread Pool -- 46) JBAS010153: Node identifier property is set to the default value. Please make sure it is unique.
2014-12-17 18:40:09,225 INFO  [org.jboss.as.security] (ServerService Thread Pool -- 45) JBAS013171: Activating Security Subsystem
2014-12-17 18:40:09,240 INFO  [org.jboss.as.webservices] (ServerService Thread Pool -- 48) JBAS015537: Activating WebServices Extension
2014-12-17 18:40:09,228 INFO  [org.jboss.as.security] (MSC service thread 1-3) JBAS013170: Current PicketBox version=4.0.21.Beta1
2014-12-17 18:40:09,250 INFO  [org.jboss.as.connector.subsystems.datasources] (ServerService Thread Pool -- 27) JBAS010403: Deploying JDBC-compliant driver class org.h2.Driver (version 1.3)
2014-12-17 18:40:09,252 INFO  [org.jboss.as.connector.logging] (MSC service thread 1-7) JBAS010408: Starting JCA Subsystem (IronJacamar 1.1.5.Final)
2014-12-17 18:40:09,261 INFO  [org.wildfly.extension.undertow] (MSC service thread 1-6) JBAS017502: Undertow 1.0.15.Final starting
2014-12-17 18:40:09,279 INFO  [org.wildfly.extension.undertow] (ServerService Thread Pool -- 47) JBAS017502: Undertow 1.0.15.Final starting
2014-12-17 18:40:09,284 INFO  [org.jboss.as.connector.deployers.jdbc] (MSC service thread 1-2) JBAS010417: Started Driver service with driver-name = h2
2014-12-17 18:40:09,406 INFO  [org.jboss.as.naming] (MSC service thread 1-8) JBAS011802: Starting Naming Service
2014-12-17 18:40:09,424 INFO  [org.jboss.as.mail.extension] (MSC service thread 1-8) JBAS015400: Bound mail session [java:jboss/mail/Default]
2014-12-17 18:40:09,787 INFO  [org.wildfly.extension.undertow] (ServerService Thread Pool -- 47) JBAS017527: Creating file handler for path /home/ediel/workspace-iduplicata/apresentacao/target/wildfly-8.1.0.Final/welcome-content
2014-12-17 18:40:09,816 INFO  [org.wildfly.extension.undertow] (MSC service thread 1-8) JBAS017525: Started server default-server.
2014-12-17 18:40:09,848 INFO  [org.wildfly.extension.undertow] (MSC service thread 1-6) JBAS017531: Host default-host starting
2014-12-17 18:40:10,017 INFO  [org.wildfly.extension.undertow] (MSC service thread 1-8) JBAS017519: Undertow HTTP listener default listening on /127.0.0.1:8080
2014-12-17 18:40:10,449 INFO  [org.jboss.as.server.deployment.scanner] (MSC service thread 1-8) JBAS015012: Started FileSystemDeploymentService for directory /home/ediel/workspace-iduplicata/apresentacao/target/wildfly-8.1.0.Final/standalone/deployments
2014-12-17 18:40:10,601 INFO  [org.jboss.as.connector.subsystems.datasources] (MSC service thread 1-7) JBAS010400: Bound data source [java:jboss/datasources/ExampleDS]
2014-12-17 18:40:10,961 INFO  [org.jboss.ws.common.management] (MSC service thread 1-3) JBWS022052: Starting JBoss Web Services - Stack CXF Server 4.2.4.Final
2014-12-17 18:40:11,665 INFO  [org.jboss.as] (Controller Boot Thread) JBAS015961: Http management interface listening on http://127.0.0.1:9990/management
2014-12-17 18:40:11,667 INFO  [org.jboss.as] (Controller Boot Thread) JBAS015951: Admin console listening on http://127.0.0.1:9990
2014-12-17 18:40:11,668 INFO  [org.jboss.as] (Controller Boot Thread) JBAS015874: WildFly 8.1.0.Final "Kenny" started in 5996ms - Started 184 of 233 services (81 services are lazy, passive or on-demand)
2014-12-17 18:40:13,560 INFO  [org.jboss.as.repository] (management-handler-thread - 2) JBAS014900: Content added at location /home/ediel/workspace-iduplicata/apresentacao/target/wildfly-8.1.0.Final/standalone/data/content/74/c91aa086d09966db555a3255618005bc2b9357/content
2014-12-17 18:40:13,597 INFO  [org.jboss.as.server.deployment] (MSC service thread 1-7) JBAS015876: Starting deployment of "exemplo.war" (runtime-name: "exemplo.war")
2014-12-17 18:40:13,932 INFO  [org.jboss.as.jpa] (MSC service thread 1-2) JBAS011401: Read persistence.xml for test
2014-12-17 18:40:14,068 INFO  [org.jboss.as.jpa] (ServerService Thread Pool -- 3) JBAS011409: Starting Persistence Unit (phase 1 of 2) Service 'exemplo.war#test'
2014-12-17 18:40:14,091 INFO  [org.hibernate.jpa.internal.util.LogHelper] (ServerService Thread Pool -- 3) HHH000204: Processing PersistenceUnitInfo [
	name: test
	...]
2014-12-17 18:40:14,243 INFO  [org.hibernate.Version] (ServerService Thread Pool -- 3) HHH000412: Hibernate Core {4.3.5.Final}
2014-12-17 18:40:14,253 INFO  [org.hibernate.cfg.Environment] (ServerService Thread Pool -- 3) HHH000206: hibernate.properties not found
2014-12-17 18:40:14,273 INFO  [org.hibernate.cfg.Environment] (ServerService Thread Pool -- 3) HHH000021: Bytecode provider name : javassist
2014-12-17 18:40:14,448 INFO  [org.jboss.weld.deployer] (MSC service thread 1-4) JBAS016002: Processing weld deployment exemplo.war
2014-12-17 18:40:14,554 INFO  [org.hibernate.validator.internal.util.Version] (MSC service thread 1-4) HV000001: Hibernate Validator 5.1.0.Final
2014-12-17 18:40:14,879 INFO  [org.jboss.weld.deployer] (MSC service thread 1-8) JBAS016005: Starting Services for CDI deployment: exemplo.war
2014-12-17 18:40:14,942 INFO  [org.jboss.weld.Version] (MSC service thread 1-8) WELD-000900: 2.1.2 (Final)
2014-12-17 18:40:15,020 INFO  [org.jboss.weld.deployer] (MSC service thread 1-2) JBAS016008: Starting weld service for deployment exemplo.war
2014-12-17 18:40:15,374 INFO  [org.jboss.as.jpa] (ServerService Thread Pool -- 3) JBAS011409: Starting Persistence Unit (phase 2 of 2) Service 'exemplo.war#test'
2014-12-17 18:40:15,507 INFO  [org.hibernate.annotations.common.Version] (ServerService Thread Pool -- 3) HCANN000001: Hibernate Commons Annotations {4.0.4.Final}
2014-12-17 18:40:15,851 INFO  [org.hibernate.dialect.Dialect] (ServerService Thread Pool -- 3) HHH000400: Using dialect: org.hibernate.dialect.H2Dialect
2014-12-17 18:40:15,864 WARN  [org.hibernate.dialect.H2Dialect] (ServerService Thread Pool -- 3) HHH000431: Unable to determine H2 database version, certain features may not work
2014-12-17 18:40:16,033 INFO  [org.hibernate.hql.internal.ast.ASTQueryTranslatorFactory] (ServerService Thread Pool -- 3) HHH000397: Using ASTQueryTranslatorFactory
2014-12-17 18:40:16,433 INFO  [org.hibernate.tool.hbm2ddl.SchemaExport] (ServerService Thread Pool -- 3) HHH000227: Running hbm2ddl schema export
2014-12-17 18:40:16,441 INFO  [stdout] (ServerService Thread Pool -- 3) Hibernate: drop table user if exists
2014-12-17 18:40:16,443 INFO  [stdout] (ServerService Thread Pool -- 3) Hibernate: create table user (id bigint not null, nome varchar(255), username varchar(255), primary key (id))
2014-12-17 18:40:16,445 INFO  [org.hibernate.tool.hbm2ddl.SchemaExport] (ServerService Thread Pool -- 3) HHH000230: Schema export complete
2014-12-17 18:40:17,755 INFO  [javax.enterprise.resource.webcontainer.jsf.config] (MSC service thread 1-1) Inicializando Mojarra 2.2.6-jbossorg-4 20140501-1134 para o contexto '/exemplo'
2014-12-17 18:40:18,608 INFO  [org.wildfly.extension.undertow] (MSC service thread 1-1) JBAS017534: Registered web context: /exemplo
2014-12-17 18:40:18,953 INFO  [org.jboss.as.server] (management-handler-thread - 2) JBAS018559: Deployed "exemplo.war" (runtime-name : "exemplo.war")
2014-12-17 18:40:27,160 INFO  [org.wildfly.extension.undertow] (MSC service thread 1-4) JBAS017535: Unregistered web context: /exemplo
2014-12-17 18:40:27,180 INFO  [org.jboss.as.jpa] (ServerService Thread Pool -- 6) JBAS011410: Stopping Persistence Unit (phase 2 of 2) Service 'exemplo.war#test'
2014-12-17 18:40:27,181 INFO  [org.hibernate.tool.hbm2ddl.SchemaExport] (ServerService Thread Pool -- 6) HHH000227: Running hbm2ddl schema export
2014-12-17 18:40:27,184 INFO  [stdout] (ServerService Thread Pool -- 6) Hibernate: drop table user if exists
2014-12-17 18:40:27,195 INFO  [org.hibernate.tool.hbm2ddl.SchemaExport] (ServerService Thread Pool -- 6) HHH000230: Schema export complete
2014-12-17 18:40:27,222 INFO  [org.jboss.weld.deployer] (MSC service thread 1-7) JBAS016009: Stopping weld service for deployment exemplo.war
2014-12-17 18:40:27,282 INFO  [org.jboss.as.jpa] (ServerService Thread Pool -- 6) JBAS011410: Stopping Persistence Unit (phase 1 of 2) Service 'exemplo.war#test'
2014-12-17 18:40:27,298 INFO  [org.jboss.as.server.deployment] (MSC service thread 1-8) JBAS015877: Stopped deployment exemplo.war (runtime-name: exemplo.war) in 149ms
2014-12-17 18:40:27,468 INFO  [org.jboss.as.repository] (management-handler-thread - 2) JBAS014901: Content removed from location /home/ediel/workspace-iduplicata/apresentacao/target/wildfly-8.1.0.Final/standalone/data/content/74/c91aa086d09966db555a3255618005bc2b9357/content
2014-12-17 18:40:27,469 INFO  [org.jboss.as.server] (management-handler-thread - 2) JBAS018558: Undeployed "exemplo.war" (runtime-name: "exemplo.war")
2014-12-17 18:40:27,517 INFO  [org.wildfly.extension.undertow] (MSC service thread 1-3) JBAS017532: Host default-host stopping
2014-12-17 18:40:27,518 INFO  [org.jboss.as.connector.subsystems.datasources] (MSC service thread 1-3) JBAS010409: Unbound data source [java:jboss/datasources/ExampleDS]
2014-12-17 18:40:27,565 INFO  [org.wildfly.extension.undertow] (MSC service thread 1-2) JBAS017521: Undertow HTTP listener default suspending
2014-12-17 18:40:27,566 INFO  [org.wildfly.extension.undertow] (MSC service thread 1-2) JBAS017520: Undertow HTTP listener default stopped, was bound to /127.0.0.1:8080
2014-12-17 18:40:27,572 INFO  [org.jboss.as.connector.deployers.jdbc] (MSC service thread 1-2) JBAS010418: Stopped Driver service with driver-name = h2
2014-12-17 18:40:27,574 INFO  [org.wildfly.extension.undertow] (MSC service thread 1-1) JBAS017506: Undertow 1.0.15.Final stopping
2014-12-17 18:40:27,616 INFO  [org.jboss.as] (MSC service thread 1-2) JBAS015950: WildFly 8.1.0.Final "Kenny" stopped in 109ms
2014-12-17 18:43:19,501 INFO  [org.jboss.modules] (main) JBoss Modules version 1.3.3.Final
2014-12-17 18:43:19,867 INFO  [org.jboss.msc] (main) JBoss MSC version 1.2.2.Final
2014-12-17 18:43:19,976 INFO  [org.jboss.as] (MSC service thread 1-7) JBAS015899: WildFly 8.1.0.Final "Kenny" starting
2014-12-17 18:43:19,987 DEBUG [org.jboss.as.config] (MSC service thread 1-7) Configured system properties:
	awt.toolkit = sun.awt.X11.XToolkit
	file.encoding = UTF-8
	file.encoding.pkg = sun.io
	file.separator = /
	java.awt.graphicsenv = sun.awt.X11GraphicsEnvironment
	java.awt.printerjob = sun.print.PSPrinterJob
	java.class.path = /home/ediel/workspace-iduplicata/apresentacao/target/wildfly-8.1.0.Final/jboss-modules.jar
	java.class.version = 52.0
	java.endorsed.dirs = /opt/java/jdk1.8.0_05/jre/lib/endorsed
	java.ext.dirs = /opt/java/jdk1.8.0_05/jre/lib/ext:/usr/java/packages/lib/ext
	java.home = /opt/java/jdk1.8.0_05/jre
	java.io.tmpdir = /tmp
	java.library.path = /usr/java/packages/lib/amd64:/usr/lib64:/lib64:/lib:/usr/lib
	java.runtime.name = Java(TM) SE Runtime Environment
	java.runtime.version = 1.8.0_05-b13
	java.specification.name = Java Platform API Specification
	java.specification.vendor = Oracle Corporation
	java.specification.version = 1.8
	java.util.logging.manager = org.jboss.logmanager.LogManager
	java.vendor = Oracle Corporation
	java.vendor.url = http://java.oracle.com/
	java.vendor.url.bug = http://bugreport.sun.com/bugreport/
	java.version = 1.8.0_05
	java.vm.info = mixed mode
	java.vm.name = Java HotSpot(TM) 64-Bit Server VM
	java.vm.specification.name = Java Virtual Machine Specification
	java.vm.specification.vendor = Oracle Corporation
	java.vm.specification.version = 1.8
	java.vm.vendor = Oracle Corporation
	java.vm.version = 25.5-b02
	javax.management.builder.initial = org.jboss.as.jmx.PluggableMBeanServerBuilder
	javax.xml.datatype.DatatypeFactory = __redirected.__DatatypeFactory
	javax.xml.parsers.DocumentBuilderFactory = __redirected.__DocumentBuilderFactory
	javax.xml.parsers.SAXParserFactory = __redirected.__SAXParserFactory
	javax.xml.stream.XMLEventFactory = __redirected.__XMLEventFactory
	javax.xml.stream.XMLInputFactory = __redirected.__XMLInputFactory
	javax.xml.stream.XMLOutputFactory = __redirected.__XMLOutputFactory
	javax.xml.transform.TransformerFactory = __redirected.__TransformerFactory
	javax.xml.validation.SchemaFactory:http://www.w3.org/2001/XMLSchema = __redirected.__SchemaFactory
	javax.xml.xpath.XPathFactory:http://java.sun.com/jaxp/xpath/dom = __redirected.__XPathFactory
	jboss.bundles.dir = target/wildfly-8.1.0.Final/bundles
	jboss.home.dir = /home/ediel/workspace-iduplicata/apresentacao/target/wildfly-8.1.0.Final
	jboss.host.name = ediel-inspiron-3421
	jboss.modules.dir = /home/ediel/workspace-iduplicata/apresentacao/target/wildfly-8.1.0.Final/modules
	jboss.node.name = ediel-inspiron-3421
	jboss.qualified.host.name = ediel-inspiron-3421
	jboss.server.base.dir = /home/ediel/workspace-iduplicata/apresentacao/target/wildfly-8.1.0.Final/standalone
	jboss.server.config.dir = /home/ediel/workspace-iduplicata/apresentacao/target/wildfly-8.1.0.Final/standalone/configuration
	jboss.server.data.dir = /home/ediel/workspace-iduplicata/apresentacao/target/wildfly-8.1.0.Final/standalone/data
	jboss.server.deploy.dir = /home/ediel/workspace-iduplicata/apresentacao/target/wildfly-8.1.0.Final/standalone/data/content
	jboss.server.log.dir = /home/ediel/workspace-iduplicata/apresentacao/target/wildfly-8.1.0.Final/standalone/log
	jboss.server.name = ediel-inspiron-3421
	jboss.server.persist.config = true
	jboss.server.temp.dir = /home/ediel/workspace-iduplicata/apresentacao/target/wildfly-8.1.0.Final/standalone/tmp
	line.separator = 

	logging.configuration = file:/home/ediel/workspace-iduplicata/apresentacao/target/wildfly-8.1.0.Final/standalone/configuration/logging.properties
	module.path = target/wildfly-8.1.0.Final/modules
	org.jboss.boot.log.file = /home/ediel/workspace-iduplicata/apresentacao/target/wildfly-8.1.0.Final/standalone/log/server.log
	org.jboss.resolver.warning = true
	org.xml.sax.driver = __redirected.__XMLReaderFactory
	os.arch = amd64
	os.name = Linux
	os.version = 3.13.0-43-generic
	path.separator = :
	sun.arch.data.model = 64
	sun.boot.class.path = /opt/java/jdk1.8.0_05/jre/lib/resources.jar:/opt/java/jdk1.8.0_05/jre/lib/rt.jar:/opt/java/jdk1.8.0_05/jre/lib/sunrsasign.jar:/opt/java/jdk1.8.0_05/jre/lib/jsse.jar:/opt/java/jdk1.8.0_05/jre/lib/jce.jar:/opt/java/jdk1.8.0_05/jre/lib/charsets.jar:/opt/java/jdk1.8.0_05/jre/lib/jfr.jar:/opt/java/jdk1.8.0_05/jre/classes
	sun.boot.library.path = /opt/java/jdk1.8.0_05/jre/lib/amd64
	sun.cpu.endian = little
	sun.cpu.isalist = 
	sun.desktop = gnome
	sun.io.unicode.encoding = UnicodeLittle
	sun.java.command = /home/ediel/workspace-iduplicata/apresentacao/target/wildfly-8.1.0.Final/jboss-modules.jar -mp target/wildfly-8.1.0.Final/modules org.jboss.as.standalone -server-config standalone-test.xml
	sun.java.launcher = SUN_STANDARD
	sun.jnu.encoding = UTF-8
	sun.management.compiler = HotSpot 64-Bit Tiered Compilers
	sun.os.patch.level = unknown
	user.country = BR
	user.dir = /home/ediel/workspace-iduplicata/apresentacao
	user.home = /home/ediel
	user.language = pt
	user.name = ediel
	user.timezone = America/Sao_Paulo
2014-12-17 18:43:19,988 DEBUG [org.jboss.as.config] (MSC service thread 1-7) VM Arguments: -Xmx512m -XX:MaxPermSize=256m -ea -Djboss.home.dir=target/wildfly-8.1.0.Final -Dorg.jboss.boot.log.file=/home/ediel/workspace-iduplicata/apresentacao/target/wildfly-8.1.0.Final/standalone/log/server.log -Dlogging.configuration=file:/home/ediel/workspace-iduplicata/apresentacao/target/wildfly-8.1.0.Final/standalone/configuration/logging.properties -Djboss.bundles.dir=target/wildfly-8.1.0.Final/bundles 
2014-12-17 18:43:21,798 INFO  [org.jboss.as.server] (Controller Boot Thread) JBAS015888: Creating http management service using socket-binding (management-http)
2014-12-17 18:43:21,835 INFO  [org.xnio] (MSC service thread 1-1) XNIO version 3.2.2.Final
2014-12-17 18:43:21,861 INFO  [org.xnio.nio] (MSC service thread 1-1) XNIO NIO Implementation Version 3.2.2.Final
2014-12-17 18:43:21,905 INFO  [org.jboss.as.clustering.infinispan] (ServerService Thread Pool -- 32) JBAS010280: Activating Infinispan subsystem.
2014-12-17 18:43:21,918 INFO  [org.wildfly.extension.io] (ServerService Thread Pool -- 31) WFLYIO001: Worker 'default' has auto-configured to 8 core threads with 64 task threads based on your 4 available processors
2014-12-17 18:43:21,965 INFO  [org.jboss.as.naming] (ServerService Thread Pool -- 40) JBAS011800: Activating Naming Subsystem
2014-12-17 18:43:21,983 INFO  [org.jboss.as.connector.subsystems.datasources] (ServerService Thread Pool -- 27) JBAS010403: Deploying JDBC-compliant driver class org.h2.Driver (version 1.3)
2014-12-17 18:43:21,988 INFO  [org.jboss.as.jsf] (ServerService Thread Pool -- 38) JBAS012615: Activated the following JSF Implementations: [main]
2014-12-17 18:43:22,039 WARN  [org.jboss.as.txn] (ServerService Thread Pool -- 46) JBAS010153: Node identifier property is set to the default value. Please make sure it is unique.
2014-12-17 18:43:22,044 INFO  [org.jboss.as.security] (ServerService Thread Pool -- 45) JBAS013171: Activating Security Subsystem
2014-12-17 18:43:22,071 INFO  [org.jboss.as.webservices] (ServerService Thread Pool -- 48) JBAS015537: Activating WebServices Extension
2014-12-17 18:43:22,088 INFO  [org.jboss.as.security] (MSC service thread 1-3) JBAS013170: Current PicketBox version=4.0.21.Beta1
2014-12-17 18:43:22,098 INFO  [org.jboss.as.connector.logging] (MSC service thread 1-2) JBAS010408: Starting JCA Subsystem (IronJacamar 1.1.5.Final)
2014-12-17 18:43:22,117 INFO  [org.jboss.as.connector.deployers.jdbc] (MSC service thread 1-7) JBAS010417: Started Driver service with driver-name = h2
2014-12-17 18:43:22,160 INFO  [org.wildfly.extension.undertow] (ServerService Thread Pool -- 47) JBAS017502: Undertow 1.0.15.Final starting
2014-12-17 18:43:22,164 INFO  [org.jboss.as.naming] (MSC service thread 1-8) JBAS011802: Starting Naming Service
2014-12-17 18:43:22,164 INFO  [org.wildfly.extension.undertow] (MSC service thread 1-7) JBAS017502: Undertow 1.0.15.Final starting
2014-12-17 18:43:22,166 INFO  [org.jboss.as.mail.extension] (MSC service thread 1-5) JBAS015400: Bound mail session [java:jboss/mail/Default]
2014-12-17 18:43:22,205 INFO  [org.jboss.remoting] (MSC service thread 1-1) JBoss Remoting version 4.0.3.Final
2014-12-17 18:43:22,631 INFO  [org.wildfly.extension.undertow] (ServerService Thread Pool -- 47) JBAS017527: Creating file handler for path /home/ediel/workspace-iduplicata/apresentacao/target/wildfly-8.1.0.Final/welcome-content
2014-12-17 18:43:22,669 INFO  [org.wildfly.extension.undertow] (MSC service thread 1-7) JBAS017525: Started server default-server.
2014-12-17 18:43:22,685 INFO  [org.wildfly.extension.undertow] (MSC service thread 1-4) JBAS017531: Host default-host starting
2014-12-17 18:43:22,956 INFO  [org.wildfly.extension.undertow] (MSC service thread 1-7) JBAS017519: Undertow HTTP listener default listening on /127.0.0.1:8080
2014-12-17 18:43:23,369 INFO  [org.jboss.as.server.deployment.scanner] (MSC service thread 1-7) JBAS015012: Started FileSystemDeploymentService for directory /home/ediel/workspace-iduplicata/apresentacao/target/wildfly-8.1.0.Final/standalone/deployments
2014-12-17 18:43:23,502 INFO  [org.jboss.as.connector.subsystems.datasources] (MSC service thread 1-2) JBAS010400: Bound data source [java:jboss/datasources/ExampleDS]
2014-12-17 18:43:23,777 INFO  [org.jboss.ws.common.management] (MSC service thread 1-8) JBWS022052: Starting JBoss Web Services - Stack CXF Server 4.2.4.Final
2014-12-17 18:43:24,503 INFO  [org.jboss.as] (Controller Boot Thread) JBAS015961: Http management interface listening on http://127.0.0.1:9990/management
2014-12-17 18:43:24,504 INFO  [org.jboss.as] (Controller Boot Thread) JBAS015951: Admin console listening on http://127.0.0.1:9990
2014-12-17 18:43:24,505 INFO  [org.jboss.as] (Controller Boot Thread) JBAS015874: WildFly 8.1.0.Final "Kenny" started in 5854ms - Started 184 of 233 services (81 services are lazy, passive or on-demand)
2014-12-17 18:43:26,416 INFO  [org.jboss.as.repository] (management-handler-thread - 2) JBAS014900: Content added at location /home/ediel/workspace-iduplicata/apresentacao/target/wildfly-8.1.0.Final/standalone/data/content/13/3b09a674bf51194b836d31ee3f9bab11cc0858/content
2014-12-17 18:43:26,452 INFO  [org.jboss.as.server.deployment] (MSC service thread 1-5) JBAS015876: Starting deployment of "exemplo.war" (runtime-name: "exemplo.war")
2014-12-17 18:43:26,742 INFO  [org.jboss.as.jpa] (MSC service thread 1-6) JBAS011401: Read persistence.xml for test
2014-12-17 18:43:26,849 INFO  [org.jboss.as.jpa] (ServerService Thread Pool -- 21) JBAS011409: Starting Persistence Unit (phase 1 of 2) Service 'exemplo.war#test'
2014-12-17 18:43:26,864 INFO  [org.hibernate.jpa.internal.util.LogHelper] (ServerService Thread Pool -- 21) HHH000204: Processing PersistenceUnitInfo [
	name: test
	...]
2014-12-17 18:43:26,957 INFO  [org.hibernate.Version] (ServerService Thread Pool -- 21) HHH000412: Hibernate Core {4.3.5.Final}
2014-12-17 18:43:26,960 INFO  [org.hibernate.cfg.Environment] (ServerService Thread Pool -- 21) HHH000206: hibernate.properties not found
2014-12-17 18:43:26,964 INFO  [org.hibernate.cfg.Environment] (ServerService Thread Pool -- 21) HHH000021: Bytecode provider name : javassist
2014-12-17 18:43:27,100 INFO  [org.jboss.weld.deployer] (MSC service thread 1-1) JBAS016002: Processing weld deployment exemplo.war
2014-12-17 18:43:27,205 INFO  [org.hibernate.validator.internal.util.Version] (MSC service thread 1-1) HV000001: Hibernate Validator 5.1.0.Final
2014-12-17 18:43:27,549 INFO  [org.jboss.weld.deployer] (MSC service thread 1-6) JBAS016005: Starting Services for CDI deployment: exemplo.war
2014-12-17 18:43:27,596 INFO  [org.jboss.weld.Version] (MSC service thread 1-6) WELD-000900: 2.1.2 (Final)
2014-12-17 18:43:27,648 INFO  [org.jboss.weld.deployer] (MSC service thread 1-5) JBAS016008: Starting weld service for deployment exemplo.war
2014-12-17 18:43:27,934 INFO  [org.jboss.as.jpa] (ServerService Thread Pool -- 21) JBAS011409: Starting Persistence Unit (phase 2 of 2) Service 'exemplo.war#test'
2014-12-17 18:43:28,090 INFO  [org.hibernate.annotations.common.Version] (ServerService Thread Pool -- 21) HCANN000001: Hibernate Commons Annotations {4.0.4.Final}
2014-12-17 18:43:28,404 INFO  [org.hibernate.dialect.Dialect] (ServerService Thread Pool -- 21) HHH000400: Using dialect: org.hibernate.dialect.H2Dialect
2014-12-17 18:43:28,414 WARN  [org.hibernate.dialect.H2Dialect] (ServerService Thread Pool -- 21) HHH000431: Unable to determine H2 database version, certain features may not work
2014-12-17 18:43:28,591 INFO  [org.hibernate.hql.internal.ast.ASTQueryTranslatorFactory] (ServerService Thread Pool -- 21) HHH000397: Using ASTQueryTranslatorFactory
2014-12-17 18:43:28,999 INFO  [org.hibernate.tool.hbm2ddl.SchemaExport] (ServerService Thread Pool -- 21) HHH000227: Running hbm2ddl schema export
2014-12-17 18:43:29,008 INFO  [stdout] (ServerService Thread Pool -- 21) Hibernate: drop table user if exists
2014-12-17 18:43:29,009 INFO  [stdout] (ServerService Thread Pool -- 21) Hibernate: create table user (id bigint not null, nome varchar(255), username varchar(255), primary key (id))
2014-12-17 18:43:29,010 INFO  [org.hibernate.tool.hbm2ddl.SchemaExport] (ServerService Thread Pool -- 21) HHH000230: Schema export complete
2014-12-17 18:43:30,155 INFO  [javax.enterprise.resource.webcontainer.jsf.config] (MSC service thread 1-5) Inicializando Mojarra 2.2.6-jbossorg-4 20140501-1134 para o contexto '/exemplo'
2014-12-17 18:43:31,355 INFO  [org.wildfly.extension.undertow] (MSC service thread 1-5) JBAS017534: Registered web context: /exemplo
2014-12-17 18:43:31,643 INFO  [org.jboss.as.server] (management-handler-thread - 2) JBAS018559: Deployed "exemplo.war" (runtime-name : "exemplo.war")
2014-12-17 18:43:39,469 INFO  [org.wildfly.extension.undertow] (MSC service thread 1-1) JBAS017535: Unregistered web context: /exemplo
2014-12-17 18:43:39,501 INFO  [org.jboss.as.jpa] (ServerService Thread Pool -- 13) JBAS011410: Stopping Persistence Unit (phase 2 of 2) Service 'exemplo.war#test'
2014-12-17 18:43:39,502 INFO  [org.hibernate.tool.hbm2ddl.SchemaExport] (ServerService Thread Pool -- 13) HHH000227: Running hbm2ddl schema export
2014-12-17 18:43:39,505 INFO  [stdout] (ServerService Thread Pool -- 13) Hibernate: drop table user if exists
2014-12-17 18:43:39,514 INFO  [org.hibernate.tool.hbm2ddl.SchemaExport] (ServerService Thread Pool -- 13) HHH000230: Schema export complete
2014-12-17 18:43:39,524 INFO  [org.jboss.weld.deployer] (MSC service thread 1-7) JBAS016009: Stopping weld service for deployment exemplo.war
2014-12-17 18:43:39,580 INFO  [org.jboss.as.jpa] (ServerService Thread Pool -- 13) JBAS011410: Stopping Persistence Unit (phase 1 of 2) Service 'exemplo.war#test'
2014-12-17 18:43:39,597 INFO  [org.jboss.as.server.deployment] (MSC service thread 1-2) JBAS015877: Stopped deployment exemplo.war (runtime-name: exemplo.war) in 136ms
2014-12-17 18:43:39,800 INFO  [org.jboss.as.repository] (management-handler-thread - 2) JBAS014901: Content removed from location /home/ediel/workspace-iduplicata/apresentacao/target/wildfly-8.1.0.Final/standalone/data/content/13/3b09a674bf51194b836d31ee3f9bab11cc0858/content
2014-12-17 18:43:39,801 INFO  [org.jboss.as.server] (management-handler-thread - 2) JBAS018558: Undeployed "exemplo.war" (runtime-name: "exemplo.war")
2014-12-17 18:43:39,859 INFO  [org.jboss.as.connector.subsystems.datasources] (MSC service thread 1-1) JBAS010409: Unbound data source [java:jboss/datasources/ExampleDS]
2014-12-17 18:43:39,882 INFO  [org.jboss.as.connector.deployers.jdbc] (MSC service thread 1-8) JBAS010418: Stopped Driver service with driver-name = h2
2014-12-17 18:43:39,886 INFO  [org.wildfly.extension.undertow] (MSC service thread 1-1) JBAS017521: Undertow HTTP listener default suspending
2014-12-17 18:43:39,900 INFO  [org.wildfly.extension.undertow] (MSC service thread 1-2) JBAS017532: Host default-host stopping
2014-12-17 18:43:39,901 INFO  [org.wildfly.extension.undertow] (MSC service thread 1-1) JBAS017520: Undertow HTTP listener default stopped, was bound to /127.0.0.1:8080
2014-12-17 18:43:39,912 INFO  [org.wildfly.extension.undertow] (MSC service thread 1-2) JBAS017506: Undertow 1.0.15.Final stopping
2014-12-17 18:43:39,931 INFO  [org.jboss.as] (MSC service thread 1-3) JBAS015950: WildFly 8.1.0.Final "Kenny" stopped in 79ms
